<?xml version="1.0" encoding="UTF-8"?>
<Site BuildName="(empty)"
	BuildStamp="20241022-0948-Experimental"
	Name="josflame11-pc"
	Generator="ctest-3.22.1"
	CompilerName="/usr/bin/g++"
	CompilerVersion="11.4.0"
	OSName="Linux"
	Hostname="josflame11-pc"
	OSRelease="6.8.0-47-generic"
	OSVersion="#47~22.04.1-Ubuntu SMP PREEMPT_DYNAMIC Wed Oct  2 16:16:55 UTC 2"
	OSPlatform="x86_64"
	Is64Bits="1"
	VendorString="AuthenticAMD"
	VendorID="Advanced Micro Devices"
	FamilyID="25"
	ModelID="33"
	ProcessorCacheSize="512"
	NumberOfLogicalCPU="12"
	NumberOfPhysicalCPU="6"
	TotalVirtualMemory="2047"
	TotalPhysicalMemory="15897"
	LogicalProcessorsPerPhysical="2"
	ProcessorClockFrequency="4077.71"
	>
	<Testing>
		<StartDateTime>Oct 22 03:48 CST</StartDateTime>
		<StartTestTime>1729590537</StartTestTime>
		<TestList/>
		<EndDateTime>Oct 22 03:48 CST</EndDateTime>
		<EndTestTime>1729590537</EndTestTime>
		<ElapsedMinutes>0</ElapsedMinutes>
	</Testing>
</Site>
